<?xml version="1.0" encoding="UTF-8"?>
<testng-results ignored="0" total="15" passed="14" failed="1" skipped="0">
  <reporter-output>
    <line>
      <![CDATA[First product selected from ThirdParty Figure]]>
    </line>
    <line>
      <![CDATA[Second product selected from Japanese]]>
    </line>
    <line>
      <![CDATA[Third product selected from HasBro]]>
    </line>
    <line>
      <![CDATA[Fifth product selected from Exclusive]]>
    </line>
    <line>
      <![CDATA[Added all items into Cart]]>
    </line>
    <line>
      <![CDATA[Choose Shiping option-All items to my stack]]>
    </line>
    <line>
      <![CDATA[Place your order]]>
    </line>
    <line>
      <![CDATA[Address selected]]>
    </line>
    <line>
      <![CDATA[Everytime select 2 Item]]>
    </line>
    <line>
      <![CDATA[Order Place successfully]]>
    </line>
    <line>
      <![CDATA[Order Summary ]]>
    </line>
    <line>
      <![CDATA[Order ID: ]]>
    </line>
    <line>
      <![CDATA[Order# 1012944]]>
    </line>
    <line>
      <![CDATA[Item and SubTotal: ]]>
    </line>
    <line>
      <![CDATA[$53.98]]>
    </line>
    <line>
      <![CDATA[Shipping and Handling: ]]>
    </line>
    <line>
      <![CDATA[$33.40]]>
    </line>
    <line>
      <![CDATA[Grand Total :]]>
    </line>
    <line>
      <![CDATA[$87.38]]>
    </line>
    <line>
      <![CDATA[Delivery Address :]]>
    </line>
    <line>
      <![CDATA[Pratik George
Near Wakad
Baner
Pune, Maharashtra 421105
IN]]>
    </line>
    <line>
      <![CDATA[Address selected]]>
    </line>
    <line>
      <![CDATA[Everytime select 2 Item]]>
    </line>
    <line>
      <![CDATA[Order Place successfully]]>
    </line>
    <line>
      <![CDATA[Order Summary ]]>
    </line>
    <line>
      <![CDATA[Order ID: ]]>
    </line>
    <line>
      <![CDATA[Order# 1012945]]>
    </line>
    <line>
      <![CDATA[Item and SubTotal: ]]>
    </line>
    <line>
      <![CDATA[$34.98]]>
    </line>
    <line>
      <![CDATA[Shipping and Handling: ]]>
    </line>
    <line>
      <![CDATA[$33.40]]>
    </line>
    <line>
      <![CDATA[Grand Total :]]>
    </line>
    <line>
      <![CDATA[$68.38]]>
    </line>
    <line>
      <![CDATA[Delivery Address :]]>
    </line>
    <line>
      <![CDATA[Mahesh Babu
Karnataka
Satara
Earth, Karnataka 422601
IN]]>
    </line>
    <line>
      <![CDATA[Address selected]]>
    </line>
    <line>
      <![CDATA[Everytime select 2 Item]]>
    </line>
    <line>
      <![CDATA[Order Place successfully]]>
    </line>
    <line>
      <![CDATA[Order Summary ]]>
    </line>
    <line>
      <![CDATA[Order ID: ]]>
    </line>
    <line>
      <![CDATA[Order# 1012946]]>
    </line>
    <line>
      <![CDATA[Item and SubTotal: ]]>
    </line>
    <line>
      <![CDATA[$11.99]]>
    </line>
    <line>
      <![CDATA[Shipping and Handling: ]]>
    </line>
    <line>
      <![CDATA[$28.56]]>
    </line>
    <line>
      <![CDATA[Grand Total :]]>
    </line>
    <line>
      <![CDATA[$40.55]]>
    </line>
    <line>
      <![CDATA[Delivery Address :]]>
    </line>
    <line>
      <![CDATA[Mahesh Babu
Karnataka
Satara
Earth, Karnataka 422601
IN]]>
    </line>
    <line>
      <![CDATA[Logout Successfully]]>
    </line>
  </reporter-output>
  <suite started-at="2022-06-29T09:12:46 IST" name="Suite" finished-at="2022-06-29T09:17:30 IST" duration-ms="283941">
    <groups>
    </groups>
    <test started-at="2022-06-29T09:12:46 IST" name="Test" finished-at="2022-06-29T09:17:30 IST" duration-ms="283941">
      <class name="testjava.DashboardPageTest">
        <test-method is-config="true" signature="initializingWeb()[pri:0, instance:testjava.DashboardPageTest@2462cb01]" started-at="2022-06-29T09:12:38 IST" name="initializingWeb" finished-at="2022-06-29T09:12:46 IST" duration-ms="7986" status="PASS">
          <reporter-output>
          </reporter-output>
        </test-method> <!-- initializingWeb -->
        <test-method is-config="true" signature="allPageObject()[pri:0, instance:testjava.DashboardPageTest@2462cb01]" started-at="2022-06-29T09:12:46 IST" name="allPageObject" finished-at="2022-06-29T09:12:46 IST" duration-ms="85" status="PASS">
          <reporter-output>
          </reporter-output>
        </test-method> <!-- allPageObject -->
        <test-method signature="verifyDashBoardTest()[pri:16, instance:testjava.DashboardPageTest@2462cb01]" started-at="2022-06-29T09:12:46 IST" name="verifyDashBoardTest" finished-at="2022-06-29T09:13:27 IST" duration-ms="40225" status="PASS">
          <reporter-output>
            <line>
              <![CDATA[First product selected from ThirdParty Figure]]>
            </line>
          </reporter-output>
        </test-method> <!-- verifyDashBoardTest -->
        <test-method is-config="true" signature="allPageObject()[pri:0, instance:testjava.DashboardPageTest@2462cb01]" started-at="2022-06-29T09:13:27 IST" name="allPageObject" finished-at="2022-06-29T09:13:27 IST" duration-ms="8" status="PASS">
          <reporter-output>
          </reporter-output>
        </test-method> <!-- allPageObject -->
        <test-method signature="verifyJapanese()[pri:17, instance:testjava.DashboardPageTest@2462cb01]" started-at="2022-06-29T09:13:27 IST" name="verifyJapanese" finished-at="2022-06-29T09:13:53 IST" duration-ms="26117" status="PASS">
          <reporter-output>
            <line>
              <![CDATA[Second product selected from Japanese]]>
            </line>
          </reporter-output>
        </test-method> <!-- verifyJapanese -->
        <test-method is-config="true" signature="allPageObject()[pri:0, instance:testjava.DashboardPageTest@2462cb01]" started-at="2022-06-29T09:13:53 IST" name="allPageObject" finished-at="2022-06-29T09:13:53 IST" duration-ms="22" status="PASS">
          <reporter-output>
          </reporter-output>
        </test-method> <!-- allPageObject -->
        <test-method signature="verifyHasBroProduct()[pri:18, instance:testjava.DashboardPageTest@2462cb01]" started-at="2022-06-29T09:13:53 IST" name="verifyHasBroProduct" finished-at="2022-06-29T09:14:19 IST" duration-ms="26425" status="PASS">
          <reporter-output>
            <line>
              <![CDATA[Third product selected from HasBro]]>
            </line>
          </reporter-output>
        </test-method> <!-- verifyHasBroProduct -->
        <test-method is-config="true" signature="allPageObject()[pri:0, instance:testjava.DashboardPageTest@2462cb01]" started-at="2022-06-29T09:14:19 IST" name="allPageObject" finished-at="2022-06-29T09:14:19 IST" duration-ms="16" status="PASS">
          <reporter-output>
          </reporter-output>
        </test-method> <!-- allPageObject -->
        <test-method signature="verifyVintageProduct()[pri:19, instance:testjava.DashboardPageTest@2462cb01]" started-at="2022-06-29T09:14:19 IST" name="verifyVintageProduct" finished-at="2022-06-29T09:14:42 IST" duration-ms="22515" status="FAIL">
          <exception class="org.openqa.selenium.WebDriverException">
            <message>
              <![CDATA[unknown error: cannot determine loading status
from unknown error: unexpected command response
  (Session info: chrome=103.0.5060.53)
Build info: version: '4.0.0', revision: '3a21814679'
System info: host: 'DESKTOP-75RQCON', ip: '192.168.87.204', os.name: 'Windows 10', os.arch: 'amd64', os.version: '10.0', java.version: '15.0.1'
Driver info: org.openqa.selenium.chrome.ChromeDriver
Command: [881bf6fa74b45fe648c01f4a1985f18f, clickElement {id=0b8c4013-8a89-40ca-890d-1a395c69e29c}]
Capabilities {acceptInsecureCerts: false, browserName: chrome, browserVersion: 103.0.5060.53, chrome: {chromedriverVersion: 103.0.5060.53 (a1711811edd7..., userDataDir: C:\Users\Admin\AppData\Loca...}, goog:chromeOptions: {debuggerAddress: localhost:50391}, javascriptEnabled: true, networkConnectionEnabled: false, pageLoadStrategy: normal, platform: WINDOWS, platformName: WINDOWS, proxy: Proxy(), se:cdp: ws://localhost:50391/devtoo..., se:cdpVersion: 103.0.5060.53, setWindowRect: true, strictFileInteractability: false, timeouts: {implicit: 0, pageLoad: 300000, script: 30000}, unhandledPromptBehavior: dismiss and notify, webauthn:extension:credBlob: true, webauthn:extension:largeBlob: true, webauthn:virtualAuthenticators: true}
Element: [[ChromeDriver: chrome on WINDOWS (881bf6fa74b45fe648c01f4a1985f18f)] -> xpath: //input[@name='add_carrt']]
Session ID: 881bf6fa74b45fe648c01f4a1985f18f]]>
            </message>
            <full-stacktrace>
              <![CDATA[org.openqa.selenium.WebDriverException: unknown error: cannot determine loading status
from unknown error: unexpected command response
  (Session info: chrome=103.0.5060.53)
Build info: version: '4.0.0', revision: '3a21814679'
System info: host: 'DESKTOP-75RQCON', ip: '192.168.87.204', os.name: 'Windows 10', os.arch: 'amd64', os.version: '10.0', java.version: '15.0.1'
Driver info: org.openqa.selenium.chrome.ChromeDriver
Command: [881bf6fa74b45fe648c01f4a1985f18f, clickElement {id=0b8c4013-8a89-40ca-890d-1a395c69e29c}]
Capabilities {acceptInsecureCerts: false, browserName: chrome, browserVersion: 103.0.5060.53, chrome: {chromedriverVersion: 103.0.5060.53 (a1711811edd7..., userDataDir: C:\Users\Admin\AppData\Loca...}, goog:chromeOptions: {debuggerAddress: localhost:50391}, javascriptEnabled: true, networkConnectionEnabled: false, pageLoadStrategy: normal, platform: WINDOWS, platformName: WINDOWS, proxy: Proxy(), se:cdp: ws://localhost:50391/devtoo..., se:cdpVersion: 103.0.5060.53, setWindowRect: true, strictFileInteractability: false, timeouts: {implicit: 0, pageLoad: 300000, script: 30000}, unhandledPromptBehavior: dismiss and notify, webauthn:extension:credBlob: true, webauthn:extension:largeBlob: true, webauthn:virtualAuthenticators: true}
Element: [[ChromeDriver: chrome on WINDOWS (881bf6fa74b45fe648c01f4a1985f18f)] -> xpath: //input[@name='add_carrt']]
Session ID: 881bf6fa74b45fe648c01f4a1985f18f
at java.base/jdk.internal.reflect.NativeConstructorAccessorImpl.newInstance0(Native Method)
at java.base/jdk.internal.reflect.NativeConstructorAccessorImpl.newInstance(NativeConstructorAccessorImpl.java:64)
at java.base/jdk.internal.reflect.DelegatingConstructorAccessorImpl.newInstance(DelegatingConstructorAccessorImpl.java:45)
at java.base/java.lang.reflect.Constructor.newInstanceWithCaller(Constructor.java:500)
at java.base/java.lang.reflect.Constructor.newInstance(Constructor.java:481)
at org.openqa.selenium.remote.codec.w3c.W3CHttpResponseCodec.createException(W3CHttpResponseCodec.java:200)
at org.openqa.selenium.remote.codec.w3c.W3CHttpResponseCodec.decode(W3CHttpResponseCodec.java:133)
at org.openqa.selenium.remote.codec.w3c.W3CHttpResponseCodec.decode(W3CHttpResponseCodec.java:53)
at org.openqa.selenium.remote.HttpCommandExecutor.execute(HttpCommandExecutor.java:184)
at org.openqa.selenium.remote.service.DriverCommandExecutor.invokeExecute(DriverCommandExecutor.java:164)
at org.openqa.selenium.remote.service.DriverCommandExecutor.execute(DriverCommandExecutor.java:139)
at org.openqa.selenium.remote.RemoteWebDriver.execute(RemoteWebDriver.java:559)
at org.openqa.selenium.remote.RemoteWebElement.execute(RemoteWebElement.java:251)
at org.openqa.selenium.remote.RemoteWebElement.click(RemoteWebElement.java:77)
at java.base/jdk.internal.reflect.NativeMethodAccessorImpl.invoke0(Native Method)
at java.base/jdk.internal.reflect.NativeMethodAccessorImpl.invoke(NativeMethodAccessorImpl.java:64)
at java.base/jdk.internal.reflect.DelegatingMethodAccessorImpl.invoke(DelegatingMethodAccessorImpl.java:43)
at java.base/java.lang.reflect.Method.invoke(Method.java:564)
at org.openqa.selenium.support.pagefactory.internal.LocatingElementHandler.invoke(LocatingElementHandler.java:52)
at com.sun.proxy.$Proxy17.click(Unknown Source)
at mainjava.DashboardPage.verifyVintage(DashboardPage.java:255)
at testjava.DashboardPageTest.verifyVintageProduct(DashboardPageTest.java:44)
at java.base/jdk.internal.reflect.NativeMethodAccessorImpl.invoke0(Native Method)
at java.base/jdk.internal.reflect.NativeMethodAccessorImpl.invoke(NativeMethodAccessorImpl.java:64)
at java.base/jdk.internal.reflect.DelegatingMethodAccessorImpl.invoke(DelegatingMethodAccessorImpl.java:43)
at java.base/java.lang.reflect.Method.invoke(Method.java:564)
at org.testng.internal.MethodInvocationHelper.invokeMethod(MethodInvocationHelper.java:133)
at org.testng.internal.TestInvoker.invokeMethod(TestInvoker.java:598)
at org.testng.internal.TestInvoker.invokeTestMethod(TestInvoker.java:173)
at org.testng.internal.MethodRunner.runInSequence(MethodRunner.java:46)
at org.testng.internal.TestInvoker$MethodInvocationAgent.invoke(TestInvoker.java:824)
at org.testng.internal.TestInvoker.invokeTestMethods(TestInvoker.java:146)
at org.testng.internal.TestMethodWorker.invokeTestMethods(TestMethodWorker.java:146)
at org.testng.internal.TestMethodWorker.run(TestMethodWorker.java:128)
at java.base/java.util.ArrayList.forEach(ArrayList.java:1511)
at org.testng.TestRunner.privateRun(TestRunner.java:794)
at org.testng.TestRunner.run(TestRunner.java:596)
at org.testng.SuiteRunner.runTest(SuiteRunner.java:377)
at org.testng.SuiteRunner.runSequentially(SuiteRunner.java:371)
at org.testng.SuiteRunner.privateRun(SuiteRunner.java:332)
at org.testng.SuiteRunner.run(SuiteRunner.java:276)
at org.testng.SuiteRunnerWorker.runSuite(SuiteRunnerWorker.java:53)
at org.testng.SuiteRunnerWorker.run(SuiteRunnerWorker.java:96)
at org.testng.TestNG.runSuitesSequentially(TestNG.java:1212)
at org.testng.TestNG.runSuitesLocally(TestNG.java:1134)
at org.testng.TestNG.runSuites(TestNG.java:1063)
at org.testng.TestNG.run(TestNG.java:1031)
at org.testng.remote.AbstractRemoteTestNG.run(AbstractRemoteTestNG.java:115)
at org.testng.remote.RemoteTestNG.initAndRun(RemoteTestNG.java:251)
at org.testng.remote.RemoteTestNG.main(RemoteTestNG.java:77)
]]>
            </full-stacktrace>
          </exception> <!-- org.openqa.selenium.WebDriverException -->
          <reporter-output>
          </reporter-output>
        </test-method> <!-- verifyVintageProduct -->
        <test-method is-config="true" signature="allPageObject()[pri:0, instance:testjava.DashboardPageTest@2462cb01]" started-at="2022-06-29T09:14:42 IST" name="allPageObject" finished-at="2022-06-29T09:14:42 IST" duration-ms="8" status="PASS">
          <reporter-output>
          </reporter-output>
        </test-method> <!-- allPageObject -->
        <test-method signature="verifyExclusivesProduct()[pri:20, instance:testjava.DashboardPageTest@2462cb01]" started-at="2022-06-29T09:14:42 IST" name="verifyExclusivesProduct" finished-at="2022-06-29T09:15:04 IST" duration-ms="22623" status="PASS">
          <reporter-output>
            <line>
              <![CDATA[Fifth product selected from Exclusive]]>
            </line>
          </reporter-output>
        </test-method> <!-- verifyExclusivesProduct -->
        <test-method is-config="true" signature="allPageObject()[pri:0, instance:testjava.DashboardPageTest@2462cb01]" started-at="2022-06-29T09:15:04 IST" name="allPageObject" finished-at="2022-06-29T09:15:04 IST" duration-ms="14" status="PASS">
          <reporter-output>
          </reporter-output>
        </test-method> <!-- allPageObject -->
        <test-method signature="verifyCheckOut()[pri:21, instance:testjava.DashboardPageTest@2462cb01]" started-at="2022-06-29T09:15:04 IST" name="verifyCheckOut" finished-at="2022-06-29T09:15:11 IST" duration-ms="6553" status="PASS">
          <reporter-output>
            <line>
              <![CDATA[Added all items into Cart]]>
            </line>
          </reporter-output>
        </test-method> <!-- verifyCheckOut -->
        <test-method is-config="true" signature="allPageObject()[pri:0, instance:testjava.DashboardPageTest@2462cb01]" started-at="2022-06-29T09:15:11 IST" name="allPageObject" finished-at="2022-06-29T09:15:11 IST" duration-ms="4" status="PASS">
          <reporter-output>
          </reporter-output>
        </test-method> <!-- allPageObject -->
        <test-method signature="verifychooseShippingOption()[pri:22, instance:testjava.DashboardPageTest@2462cb01]" started-at="2022-06-29T09:15:11 IST" name="verifychooseShippingOption" finished-at="2022-06-29T09:15:25 IST" duration-ms="13646" status="PASS">
          <reporter-output>
            <line>
              <![CDATA[Choose Shiping option-All items to my stack]]>
            </line>
          </reporter-output>
        </test-method> <!-- verifychooseShippingOption -->
        <test-method is-config="true" signature="allPageObject()[pri:0, instance:testjava.DashboardPageTest@2462cb01]" started-at="2022-06-29T09:15:25 IST" name="allPageObject" finished-at="2022-06-29T09:15:25 IST" duration-ms="13" status="PASS">
          <reporter-output>
          </reporter-output>
        </test-method> <!-- allPageObject -->
        <test-method signature="verifyOrder()[pri:23, instance:testjava.DashboardPageTest@2462cb01]" started-at="2022-06-29T09:15:25 IST" name="verifyOrder" finished-at="2022-06-29T09:15:34 IST" duration-ms="9810" status="PASS">
          <reporter-output>
            <line>
              <![CDATA[Place your order]]>
            </line>
          </reporter-output>
        </test-method> <!-- verifyOrder -->
        <test-method is-config="true" signature="allPageObject()[pri:0, instance:testjava.DashboardPageTest@2462cb01]" started-at="2022-06-29T09:15:34 IST" name="allPageObject" finished-at="2022-06-29T09:15:34 IST" duration-ms="5" status="PASS">
          <reporter-output>
          </reporter-output>
        </test-method> <!-- allPageObject -->
        <test-method signature="verifyingShipngAddress()[pri:24, instance:testjava.DashboardPageTest@2462cb01]" started-at="2022-06-29T09:15:34 IST" name="verifyingShipngAddress" finished-at="2022-06-29T09:15:37 IST" duration-ms="2908" status="PASS">
          <reporter-output>
            <line>
              <![CDATA[Address selected]]>
            </line>
          </reporter-output>
        </test-method> <!-- verifyingShipngAddress -->
        <test-method is-config="true" signature="allPageObject()[pri:0, instance:testjava.DashboardPageTest@2462cb01]" started-at="2022-06-29T09:15:37 IST" name="allPageObject" finished-at="2022-06-29T09:15:37 IST" duration-ms="3" status="PASS">
          <reporter-output>
          </reporter-output>
        </test-method> <!-- allPageObject -->
        <test-method signature="verifyProductSelection()[pri:25, instance:testjava.DashboardPageTest@2462cb01]" started-at="2022-06-29T09:15:37 IST" name="verifyProductSelection" finished-at="2022-06-29T09:15:43 IST" duration-ms="5878" status="PASS">
          <reporter-output>
            <line>
              <![CDATA[Everytime select 2 Item]]>
            </line>
          </reporter-output>
        </test-method> <!-- verifyProductSelection -->
        <test-method is-config="true" signature="allPageObject()[pri:0, instance:testjava.DashboardPageTest@2462cb01]" started-at="2022-06-29T09:15:43 IST" name="allPageObject" finished-at="2022-06-29T09:15:43 IST" duration-ms="10" status="PASS">
          <reporter-output>
          </reporter-output>
        </test-method> <!-- allPageObject -->
        <test-method signature="verifyingPlaceOder()[pri:26, instance:testjava.DashboardPageTest@2462cb01]" started-at="2022-06-29T09:15:43 IST" name="verifyingPlaceOder" finished-at="2022-06-29T09:15:59 IST" duration-ms="15388" status="PASS">
          <reporter-output>
            <line>
              <![CDATA[Order Place successfully]]>
            </line>
          </reporter-output>
        </test-method> <!-- verifyingPlaceOder -->
        <test-method is-config="true" signature="allPageObject()[pri:0, instance:testjava.DashboardPageTest@2462cb01]" started-at="2022-06-29T09:15:59 IST" name="allPageObject" finished-at="2022-06-29T09:15:59 IST" duration-ms="4" status="PASS">
          <reporter-output>
          </reporter-output>
        </test-method> <!-- allPageObject -->
        <test-method signature="verifyOrderDetails()[pri:27, instance:testjava.DashboardPageTest@2462cb01]" started-at="2022-06-29T09:15:59 IST" name="verifyOrderDetails" finished-at="2022-06-29T09:16:01 IST" duration-ms="2701" status="PASS">
          <reporter-output>
            <line>
              <![CDATA[Order Summary ]]>
            </line>
            <line>
              <![CDATA[Order ID: ]]>
            </line>
            <line>
              <![CDATA[Order# 1012944]]>
            </line>
            <line>
              <![CDATA[Item and SubTotal: ]]>
            </line>
            <line>
              <![CDATA[$53.98]]>
            </line>
            <line>
              <![CDATA[Shipping and Handling: ]]>
            </line>
            <line>
              <![CDATA[$33.40]]>
            </line>
            <line>
              <![CDATA[Grand Total :]]>
            </line>
            <line>
              <![CDATA[$87.38]]>
            </line>
            <line>
              <![CDATA[Delivery Address :]]>
            </line>
            <line>
              <![CDATA[Pratik George
Near Wakad
Baner
Pune, Maharashtra 421105
IN]]>
            </line>
          </reporter-output>
        </test-method> <!-- verifyOrderDetails -->
        <test-method is-config="true" signature="allPageObject()[pri:0, instance:testjava.DashboardPageTest@2462cb01]" started-at="2022-06-29T09:16:01 IST" name="allPageObject" finished-at="2022-06-29T09:16:01 IST" duration-ms="3" status="PASS">
          <reporter-output>
          </reporter-output>
        </test-method> <!-- allPageObject -->
        <test-method signature="verifyproductSelection()[pri:28, instance:testjava.DashboardPageTest@2462cb01]" started-at="2022-06-29T09:16:01 IST" name="verifyproductSelection" finished-at="2022-06-29T09:16:45 IST" duration-ms="43233" status="PASS">
          <reporter-output>
            <line>
              <![CDATA[Address selected]]>
            </line>
            <line>
              <![CDATA[Everytime select 2 Item]]>
            </line>
            <line>
              <![CDATA[Order Place successfully]]>
            </line>
            <line>
              <![CDATA[Order Summary ]]>
            </line>
            <line>
              <![CDATA[Order ID: ]]>
            </line>
            <line>
              <![CDATA[Order# 1012945]]>
            </line>
            <line>
              <![CDATA[Item and SubTotal: ]]>
            </line>
            <line>
              <![CDATA[$34.98]]>
            </line>
            <line>
              <![CDATA[Shipping and Handling: ]]>
            </line>
            <line>
              <![CDATA[$33.40]]>
            </line>
            <line>
              <![CDATA[Grand Total :]]>
            </line>
            <line>
              <![CDATA[$68.38]]>
            </line>
            <line>
              <![CDATA[Delivery Address :]]>
            </line>
            <line>
              <![CDATA[Mahesh Babu
Karnataka
Satara
Earth, Karnataka 422601
IN]]>
            </line>
          </reporter-output>
        </test-method> <!-- verifyproductSelection -->
        <test-method is-config="true" signature="allPageObject()[pri:0, instance:testjava.DashboardPageTest@2462cb01]" started-at="2022-06-29T09:16:45 IST" name="allPageObject" finished-at="2022-06-29T09:16:45 IST" duration-ms="5" status="PASS">
          <reporter-output>
          </reporter-output>
        </test-method> <!-- allPageObject -->
        <test-method signature="verifyproductSelection()[pri:28, instance:testjava.DashboardPageTest@2462cb01]" started-at="2022-06-29T09:16:45 IST" name="verifyproductSelection" finished-at="2022-06-29T09:17:26 IST" duration-ms="41696" status="PASS">
          <reporter-output>
            <line>
              <![CDATA[Address selected]]>
            </line>
            <line>
              <![CDATA[Everytime select 2 Item]]>
            </line>
            <line>
              <![CDATA[Order Place successfully]]>
            </line>
            <line>
              <![CDATA[Order Summary ]]>
            </line>
            <line>
              <![CDATA[Order ID: ]]>
            </line>
            <line>
              <![CDATA[Order# 1012946]]>
            </line>
            <line>
              <![CDATA[Item and SubTotal: ]]>
            </line>
            <line>
              <![CDATA[$11.99]]>
            </line>
            <line>
              <![CDATA[Shipping and Handling: ]]>
            </line>
            <line>
              <![CDATA[$28.56]]>
            </line>
            <line>
              <![CDATA[Grand Total :]]>
            </line>
            <line>
              <![CDATA[$40.55]]>
            </line>
            <line>
              <![CDATA[Delivery Address :]]>
            </line>
            <line>
              <![CDATA[Mahesh Babu
Karnataka
Satara
Earth, Karnataka 422601
IN]]>
            </line>
          </reporter-output>
        </test-method> <!-- verifyproductSelection -->
        <test-method is-config="true" signature="allPageObject()[pri:0, instance:testjava.DashboardPageTest@2462cb01]" started-at="2022-06-29T09:17:26 IST" name="allPageObject" finished-at="2022-06-29T09:17:26 IST" duration-ms="6" status="PASS">
          <reporter-output>
          </reporter-output>
        </test-method> <!-- allPageObject -->
        <test-method signature="logout()[pri:29, instance:testjava.DashboardPageTest@2462cb01]" started-at="2022-06-29T09:17:26 IST" name="logout" finished-at="2022-06-29T09:17:30 IST" duration-ms="3847" status="PASS">
          <reporter-output>
            <line>
              <![CDATA[Logout Successfully]]>
            </line>
          </reporter-output>
        </test-method> <!-- logout -->
        <test-method is-config="true" signature="tearDowmBrowser()[pri:0, instance:testjava.DashboardPageTest@2462cb01]" started-at="2022-06-29T09:17:31 IST" name="tearDowmBrowser" finished-at="2022-06-29T09:17:33 IST" duration-ms="2612" status="PASS">
          <reporter-output>
          </reporter-output>
        </test-method> <!-- tearDowmBrowser -->
      </class> <!-- testjava.DashboardPageTest -->
    </test> <!-- Test -->
  </suite> <!-- Suite -->
</testng-results>
